<?xml version="1.0" encoding="UTF-8"?>
<!-- Generated by org.testng.reporters.JUnitXMLReporter -->
<testsuite hostname="CBT-Project1" name="PlaceOrderTest_2" tests="1" failures="1" timestamp="31 Aug 2016 13:15:35 GMT" time="372.151" errors="0">
  <testcase name="findMeAShoe" time="275.805" classname="com.shopclues.scripts.PlaceOrderTest">
    <failure type="org.openqa.selenium.UnsupportedCommandException" message="ERROR The test with session id a54177e6a32d4957af98c0c237fcffbd has already finished, and can&amp;apos;t receive further commands.
You can learn more at https://saucelabs.com/jobs/a54177e6a32d4957af98c0c237fcffbd
For help, please check https://wiki.saucelabs.com/display/DOCS/Common+Error+Messages
Command duration or timeout: 185.57 seconds
Build info: version: &amp;apos;2.53.0&amp;apos;, revision: &amp;apos;35ae25b1534ae328c771e0856c93e187490ca824&amp;apos;, time: &amp;apos;2016-03-15 10:43:46&amp;apos;
System info: host: &amp;apos;CBT-Project1&amp;apos;, ip: &amp;apos;10.10.10.198&amp;apos;, os.name: &amp;apos;Windows 8.1&amp;apos;, os.arch: &amp;apos;amd64&amp;apos;, os.version: &amp;apos;6.3&amp;apos;, java.version: &amp;apos;1.8.0_73&amp;apos;
Driver info: io.appium.java_client.android.AndroidDriver
Capabilities [{appPackage=com.shopclues, noReset=true, webdriver.remote.quietExceptions=true, deviceName=emulator-5554, platform=LINUX, deviceUDID=emulator-5554, desired={app=/tmp/tmpGaMXGG/Shopclues.apk, proxy={proxyAutoconfigUrl=http://127.0.0.1:19876/pac.js, proxyType=PAC}, orientation=PORTRAIT, noReset=true, newCommandTimeout=75, platformVersion=5.0, webdriver.remote.quietExceptions=true, udid=emulator-5554, platformName=Android, deviceName=Android GoogleAPI Emulator}, newCommandTimeout=75, platformVersion=5.0.2, webStorageEnabled=false, takesScreenshot=true, javascriptEnabled=true, platformName=Android, udid=emulator-5554, app=/tmp/tmpGaMXGG/Shopclues.apk, orientation=PORTRAIT, networkConnectionEnabled=true, warnings={}, appWaitPackage=com.shopclues, appWaitActivity=com.shopclues.SplashActivity, hasMetadata=true, databaseEnabled=false, appActivity=com.shopclues.SplashActivity, proxy={proxyAutoconfigUrl=http://127.0.0.1:19876/pac.js, proxyType=PAC}, webdriver.remote.sessionid=a54177e6a32d4957af98c0c237fcffbd, locationContextEnabled=false}]
*** Element info: {Using=xpath, value=//android.widget.TextView[contains(@text,&amp;apos;1000 - Rs. 1999&amp;apos;)]}">
      <![CDATA[org.openqa.selenium.UnsupportedCommandException: ERROR The test with session id a54177e6a32d4957af98c0c237fcffbd has already finished, and can't receive further commands.
You can learn more at https://saucelabs.com/jobs/a54177e6a32d4957af98c0c237fcffbd
For help, please check https://wiki.saucelabs.com/display/DOCS/Common+Error+Messages
Command duration or timeout: 185.57 seconds
Build info: version: '2.53.0', revision: '35ae25b1534ae328c771e0856c93e187490ca824', time: '2016-03-15 10:43:46'
System info: host: 'CBT-Project1', ip: '10.10.10.198', os.name: 'Windows 8.1', os.arch: 'amd64', os.version: '6.3', java.version: '1.8.0_73'
Driver info: io.appium.java_client.android.AndroidDriver
Capabilities [{appPackage=com.shopclues, noReset=true, webdriver.remote.quietExceptions=true, deviceName=emulator-5554, platform=LINUX, deviceUDID=emulator-5554, desired={app=/tmp/tmpGaMXGG/Shopclues.apk, proxy={proxyAutoconfigUrl=http://127.0.0.1:19876/pac.js, proxyType=PAC}, orientation=PORTRAIT, noReset=true, newCommandTimeout=75, platformVersion=5.0, webdriver.remote.quietExceptions=true, udid=emulator-5554, platformName=Android, deviceName=Android GoogleAPI Emulator}, newCommandTimeout=75, platformVersion=5.0.2, webStorageEnabled=false, takesScreenshot=true, javascriptEnabled=true, platformName=Android, udid=emulator-5554, app=/tmp/tmpGaMXGG/Shopclues.apk, orientation=PORTRAIT, networkConnectionEnabled=true, warnings={}, appWaitPackage=com.shopclues, appWaitActivity=com.shopclues.SplashActivity, hasMetadata=true, databaseEnabled=false, appActivity=com.shopclues.SplashActivity, proxy={proxyAutoconfigUrl=http://127.0.0.1:19876/pac.js, proxyType=PAC}, webdriver.remote.sessionid=a54177e6a32d4957af98c0c237fcffbd, locationContextEnabled=false}]
*** Element info: {Using=xpath, value=//android.widget.TextView[contains(@text,'1000 - Rs. 1999')]}
	at org.openqa.selenium.remote.ErrorHandler.createThrowable(ErrorHandler.java:206)
	at org.openqa.selenium.remote.ErrorHandler.throwIfResponseFailed(ErrorHandler.java:158)
	at org.openqa.selenium.remote.RemoteWebDriver.execute(RemoteWebDriver.java:678)
	at io.appium.java_client.DefaultGenericMobileDriver.execute(DefaultGenericMobileDriver.java:51)
	at io.appium.java_client.AppiumDriver.execute(AppiumDriver.java:1)
	at io.appium.java_client.android.AndroidDriver.execute(AndroidDriver.java:1)
	at org.openqa.selenium.remote.RemoteWebDriver.findElement(RemoteWebDriver.java:363)
	at io.appium.java_client.DefaultGenericMobileDriver.findElement(DefaultGenericMobileDriver.java:67)
	at io.appium.java_client.AppiumDriver.findElement(AppiumDriver.java:1)
	at io.appium.java_client.android.AndroidDriver.findElement(AndroidDriver.java:1)
	at org.openqa.selenium.remote.RemoteWebDriver.findElementByXPath(RemoteWebDriver.java:500)
	at io.appium.java_client.DefaultGenericMobileDriver.findElementByXPath(DefaultGenericMobileDriver.java:145)
	at io.appium.java_client.AppiumDriver.findElementByXPath(AppiumDriver.java:1)
	at io.appium.java_client.android.AndroidDriver.findElementByXPath(AndroidDriver.java:1)
	at org.openqa.selenium.By$ByXPath.findElement(By.java:361)
	at org.openqa.selenium.remote.RemoteWebDriver.findElement(RemoteWebDriver.java:355)
	at io.appium.java_client.DefaultGenericMobileDriver.findElement(DefaultGenericMobileDriver.java:63)
	at io.appium.java_client.AppiumDriver.findElement(AppiumDriver.java:1)
	at io.appium.java_client.android.AndroidDriver.findElement(AndroidDriver.java:1)
	at org.openqa.selenium.support.pagefactory.DefaultElementLocator.findElement(DefaultElementLocator.java:69)
	at org.openqa.selenium.support.pagefactory.internal.LocatingElementHandler.invoke(LocatingElementHandler.java:38)
	at com.sun.proxy.$Proxy8.click(Unknown Source)
	at com.shopclues.scripts.PlaceOrderTest.findMeAShoe(PlaceOrderTest.java:159)
	at java.util.concurrent.FutureTask.run(FutureTask.java:266)
	at java.util.concurrent.ThreadPoolExecutor.runWorker(ThreadPoolExecutor.java:1142)
	at java.util.concurrent.ThreadPoolExecutor$Worker.run(ThreadPoolExecutor.java:617)
	at java.lang.Thread.run(Thread.java:745)
... Removed 20 stack frames]]>
    </failure>
  </testcase> <!-- findMeAShoe -->
</testsuite> <!-- PlaceOrderTest_2 -->
